# JRE version: Java(TM) SE Runtime Environment 18.9 (11.0.17+10) (build 11.0.17+10-LTS-269)
# Java VM: Java HotSpot(TM) 64-Bit Server VM 18.9 (11.0.17+10-LTS-269, mixed mode, tiered, compressed oops, g1 gc, windows-amd64)
Heap:
 garbage-first heap   total 131072K, used 24776K [0x0000000081600000, 0x0000000100000000)
  region size 1024K, 14 young (14336K), 6 survivors (6144K)
 Metaspace       used 32823K, capacity 33714K, committed 34048K, reserved 1079296K
  class space    used 3859K, capacity 4232K, committed 4352K, reserved 1048576K
GC Heap History (8 events):
Event: 1.124 GC heap before
{Heap before GC invocations=0 (full 0):
 garbage-first heap   total 131072K, used 23552K [0x0000000081600000, 0x0000000100000000)
  region size 1024K, 24 young (24576K), 0 survivors (0K)
 Metaspace       used 14499K, capacity 14853K, committed 14976K, reserved 1062912K
  class space    used 1462K, capacity 1560K, committed 1664K, reserved 1048576K
}
Event: 1.135 GC heap after
{Heap after GC invocations=1 (full 0):
 garbage-first heap   total 131072K, used 7224K [0x0000000081600000, 0x0000000100000000)
  region size 1024K, 3 young (3072K), 3 survivors (3072K)
 Metaspace       used 14499K, capacity 14853K, committed 14976K, reserved 1062912K
  class space    used 1462K, capacity 1560K, committed 1664K, reserved 1048576K
}
Event: 1.485 GC heap before
{Heap before GC invocations=1 (full 0):
 garbage-first heap   total 131072K, used 28728K [0x0000000081600000, 0x0000000100000000)
  region size 1024K, 24 young (24576K), 3 survivors (3072K)
 Metaspace       used 16476K, capacity 16851K, committed 17024K, reserved 1064960K
  class space    used 1680K, capacity 1801K, committed 1920K, reserved 1048576K
}
Event: 1.492 GC heap after
{Heap after GC invocations=2 (full 0):
 garbage-first heap   total 131072K, used 7944K [0x0000000081600000, 0x0000000100000000)
  region size 1024K, 1 young (1024K), 1 survivors (1024K)
 Metaspace       used 16476K, capacity 16851K, committed 17024K, reserved 1064960K
  class space    used 1680K, capacity 1801K, committed 1920K, reserved 1048576K
}
Event: 2.451 GC heap before
{Heap before GC invocations=2 (full 0):
 garbage-first heap   total 131072K, used 38664K [0x0000000081600000, 0x0000000100000000)
  region size 1024K, 32 young (32768K), 1 survivors (1024K)
 Metaspace       used 20773K, capacity 21181K, committed 21296K, reserved 1069056K
  class space    used 2272K, capacity 2421K, committed 2432K, reserved 1048576K
}
Event: 2.459 GC heap after
{Heap after GC invocations=3 (full 0):
 garbage-first heap   total 131072K, used 9100K [0x0000000081600000, 0x0000000100000000)
  region size 1024K, 2 young (2048K), 2 survivors (2048K)
 Metaspace       used 20773K, capacity 21181K, committed 21296K, reserved 1069056K
  class space    used 2272K, capacity 2421K, committed 2432K, reserved 1048576K
}
Event: 6.067 GC heap before
{Heap before GC invocations=4 (full 0):
 garbage-first heap   total 131072K, used 63372K [0x0000000081600000, 0x0000000100000000)
  region size 1024K, 50 young (51200K), 2 survivors (2048K)
 Metaspace       used 31631K, capacity 32433K, committed 32512K, reserved 1077248K
  class space    used 3723K, capacity 4062K, committed 4096K, reserved 1048576K
}
Event: 6.073 GC heap after
{Heap after GC invocations=5 (full 0):
 garbage-first heap   total 131072K, used 17608K [0x0000000081600000, 0x0000000100000000)
  region size 1024K, 6 young (6144K), 6 survivors (6144K)
 Metaspace       used 31631K, capacity 32433K, committed 32512K, reserved 1077248K
  class space    used 3723K, capacity 4062K, committed 4096K, reserved 1048576K
}

