<?xml version="1.0" encoding="UTF-8"?>
<!-- Generated by org.testng.reporters.JUnitXMLReporter -->
<testsuite ignored="0" hostname="SCRM-114" failures="0" tests="7" name="Default test" time="1035.342" errors="0" timestamp="2024-08-02T17:29:40 IST">
  <testcase classname="Opportunities_Module.OpportunitiesTestClass" name="CreateOpportunities" time="760.211"/>
  <testcase classname="Opportunities_Module.OpportunitiesTestClass" name="DuplicateOpportunity" time="22.62"/>
  <testcase classname="Opportunities_Module.OpportunitiesTestClass" name="ExportRecordsForOpportunities" time="36.635"/>
  <testcase classname="Opportunities_Module.OpportunitiesTestClass" name="MassUpdateOpportunities" time="31.357"/>
  <testcase classname="Opportunities_Module.OpportunitiesTestClass" name="editOpportunity" time="58.281"/>
  <testcase classname="Opportunities_Module.OpportunitiesTestClass" name="DeleteOpportunityFromEditOption" time="21.5"/>
  <testcase classname="Opportunities_Module.OpportunitiesTestClass" name="DeleteOpportunityFromListView" time="19.894"/>
</testsuite> <!-- Default test -->
