<?xml version="1.0" encoding="UTF-8"?>
<!-- Generated by org.testng.reporters.JUnitXMLReporter -->
<testsuite ignored="16" hostname="SCRM-33" failures="2" tests="2" name="Create Test" time="0.126" errors="0" timestamp="2023-06-21T10:23:09 IST">
  <testcase classname="Account_Module.AccountTestClass" name="CreateAccount" time="0.022">
    <failure type="java.lang.NullPointerException">
      <![CDATA[java.lang.NullPointerException
at Account_Module.AccountTestClass.CreateAccount(AccountTestClass.java:75)
at java.base/java.util.ArrayList.forEach(ArrayList.java:1541)
... Removed 27 stack frames]]>
    </failure>
  </testcase> <!-- CreateAccount -->
  <testcase classname="Opportunities_Module.OpportunitiesTestClass" name="CreateOpportunities" time="0.001">
    <failure type="java.lang.NullPointerException">
      <![CDATA[java.lang.NullPointerException
at Opportunities_Module.OpportunitiesTestClass.CreateOpportunities(OpportunitiesTestClass.java:72)
at java.base/java.util.ArrayList.forEach(ArrayList.java:1541)
... Removed 27 stack frames]]>
    </failure>
  </testcase> <!-- CreateOpportunities -->
  <testcase classname="Account_Module.AccountTestClass" name="EmailSetting" time="0.0">
    <ignored/>
  </testcase> <!-- EmailSetting -->
  <testcase classname="Account_Module.AccountTestClass" name="ExportRecordsForAccounts" time="0.0">
    <ignored/>
  </testcase> <!-- ExportRecordsForAccounts -->
  <testcase classname="Opportunities_Module.OpportunitiesTestClass" name="DeleteOpportunityFromEditOption" time="0.0">
    <ignored/>
  </testcase> <!-- DeleteOpportunityFromEditOption -->
  <testcase classname="Account_Module.AccountTestClass" name="MassUpdateAccount" time="0.0">
    <ignored/>
  </testcase> <!-- MassUpdateAccount -->
  <testcase classname="Opportunities_Module.OpportunitiesTestClass" name="MassUpdateOpportunities" time="0.0">
    <ignored/>
  </testcase> <!-- MassUpdateOpportunities -->
  <testcase classname="Opportunities_Module.OpportunitiesTestClass" name="DeleteOpportunityFromListView" time="0.0">
    <ignored/>
  </testcase> <!-- DeleteOpportunityFromListView -->
  <testcase classname="Account_Module.AccountTestClass" name="EditAccount" time="0.0">
    <ignored/>
  </testcase> <!-- EditAccount -->
  <testcase classname="Account_Module.AccountTestClass" name="DuplicateAccount" time="0.0">
    <ignored/>
  </testcase> <!-- DuplicateAccount -->
  <testcase classname="Account_Module.AccountTestClass" name="DeleteAccountFromEditOption" time="0.0">
    <ignored/>
  </testcase> <!-- DeleteAccountFromEditOption -->
  <testcase classname="Opportunities_Module.OpportunitiesTestClass" name="ExportRecordsForOpportunities" time="0.0">
    <ignored/>
  </testcase> <!-- ExportRecordsForOpportunities -->
  <testcase classname="Opportunities_Module.OpportunitiesTestClass" name="editOpportunity" time="0.0">
    <ignored/>
  </testcase> <!-- editOpportunity -->
  <testcase classname="Account_Module.AccountTestClass" name="DeleteAccountFromListView" time="0.0">
    <ignored/>
  </testcase> <!-- DeleteAccountFromListView -->
  <testcase classname="Opportunities_Module.OpportunitiesTestClass" name="DuplicateOpportunity" time="0.0">
    <ignored/>
  </testcase> <!-- DuplicateOpportunity -->
  <testcase classname="Account_Module.AccountTestClass" name="MultipleEmailAddress" time="0.0">
    <ignored/>
  </testcase> <!-- MultipleEmailAddress -->
  <testcase classname="Account_Module.AccountTestClass" name="ShippingAddress" time="0.0">
    <ignored/>
  </testcase> <!-- ShippingAddress -->
  <testcase classname="Account_Module.AccountTestClass" name="FilterOnAccountModule" time="0.0">
    <ignored/>
  </testcase> <!-- FilterOnAccountModule -->
</testsuite> <!-- Create Test -->
