<?xml version="1.0" encoding="UTF-8"?>
<!-- Generated by org.testng.reporters.JUnitXMLReporter -->
<testsuite ignored="10" hostname="SCRM-33" failures="1" tests="1" name="Test 1" time="0.225" errors="0" timestamp="2023-06-21T10:57:55 IST">
  <testcase classname="Account_Module.AccountTestClass" name="CreateAccount" time="0.052">
    <failure type="java.lang.NullPointerException">
      <![CDATA[java.lang.NullPointerException
at Account_Module.AccountTestClass.CreateAccount(AccountTestClass.java:75)
at java.base/java.util.ArrayList.forEach(ArrayList.java:1541)
... Removed 27 stack frames]]>
    </failure>
  </testcase> <!-- CreateAccount -->
  <testcase classname="Account_Module.AccountTestClass" name="EditAccount" time="0.0">
    <ignored/>
  </testcase> <!-- EditAccount -->
  <testcase classname="Account_Module.AccountTestClass" name="EmailSetting" time="0.0">
    <ignored/>
  </testcase> <!-- EmailSetting -->
  <testcase classname="Account_Module.AccountTestClass" name="DuplicateAccount" time="0.0">
    <ignored/>
  </testcase> <!-- DuplicateAccount -->
  <testcase classname="Account_Module.AccountTestClass" name="DeleteAccountFromEditOption" time="0.0">
    <ignored/>
  </testcase> <!-- DeleteAccountFromEditOption -->
  <testcase classname="Account_Module.AccountTestClass" name="ExportRecordsForAccounts" time="0.0">
    <ignored/>
  </testcase> <!-- ExportRecordsForAccounts -->
  <testcase classname="Account_Module.AccountTestClass" name="DeleteAccountFromListView" time="0.0">
    <ignored/>
  </testcase> <!-- DeleteAccountFromListView -->
  <testcase classname="Account_Module.AccountTestClass" name="MultipleEmailAddress" time="0.0">
    <ignored/>
  </testcase> <!-- MultipleEmailAddress -->
  <testcase classname="Account_Module.AccountTestClass" name="MassUpdateAccount" time="0.0">
    <ignored/>
  </testcase> <!-- MassUpdateAccount -->
  <testcase classname="Account_Module.AccountTestClass" name="ShippingAddress" time="0.0">
    <ignored/>
  </testcase> <!-- ShippingAddress -->
  <testcase classname="Account_Module.AccountTestClass" name="FilterOnAccountModule" time="0.0">
    <ignored/>
  </testcase> <!-- FilterOnAccountModule -->
</testsuite> <!-- Test 1 -->
