<?xml version="1.0" encoding="UTF-8"?>
<!-- Generated by org.testng.reporters.JUnitXMLReporter -->
<testsuite ignored="6" hostname="SCRM-33" failures="1" tests="1" name="Test 2" time="0.004" errors="0" timestamp="2023-06-21T10:33:32 IST">
  <testcase classname="Opportunities_Module.OpportunitiesTestClass" name="CreateOpportunities" time="0.001">
    <failure type="java.lang.NullPointerException">
      <![CDATA[java.lang.NullPointerException
at Opportunities_Module.OpportunitiesTestClass.CreateOpportunities(OpportunitiesTestClass.java:72)
at java.base/java.util.ArrayList.forEach(ArrayList.java:1541)
... Removed 27 stack frames]]>
    </failure>
  </testcase> <!-- CreateOpportunities -->
  <testcase classname="Opportunities_Module.OpportunitiesTestClass" name="DeleteOpportunityFromListView" time="0.0">
    <ignored/>
  </testcase> <!-- DeleteOpportunityFromListView -->
  <testcase classname="Opportunities_Module.OpportunitiesTestClass" name="ExportRecordsForOpportunities" time="0.0">
    <ignored/>
  </testcase> <!-- ExportRecordsForOpportunities -->
  <testcase classname="Opportunities_Module.OpportunitiesTestClass" name="editOpportunity" time="0.0">
    <ignored/>
  </testcase> <!-- editOpportunity -->
  <testcase classname="Opportunities_Module.OpportunitiesTestClass" name="DuplicateOpportunity" time="0.0">
    <ignored/>
  </testcase> <!-- DuplicateOpportunity -->
  <testcase classname="Opportunities_Module.OpportunitiesTestClass" name="DeleteOpportunityFromEditOption" time="0.0">
    <ignored/>
  </testcase> <!-- DeleteOpportunityFromEditOption -->
  <testcase classname="Opportunities_Module.OpportunitiesTestClass" name="MassUpdateOpportunities" time="0.0">
    <ignored/>
  </testcase> <!-- MassUpdateOpportunities -->
</testsuite> <!-- Test 2 -->
