<?xml version="1.0" encoding="UTF-8"?>
<!-- Generated by org.testng.reporters.JUnitXMLReporter -->
<testsuite ignored="9" hostname="DESKTOP-U2R92JI" failures="0" tests="1" name="Test" time="58.861" errors="0" timestamp="2023-09-25T17:04:54 IST">
  <testcase classname="Partner_Contacts_Module.Partner_ContactsTestClass" name="ExportRecordsForPartner_Contacts" time="37.194"/>
  <testcase classname="Partner_Contacts_Module.Partner_ContactsTestClass" name="DuplicatePartnerContacts" time="0.0">
    <ignored/>
  </testcase> <!-- DuplicatePartnerContacts -->
  <testcase classname="Partner_Contacts_Module.Partner_ContactsTestClass" name="alternteAddress" time="0.0">
    <ignored/>
  </testcase> <!-- alternteAddress -->
  <testcase classname="Partner_Contacts_Module.Partner_ContactsTestClass" name="CreatePartner_Contacts" time="0.0">
    <ignored/>
  </testcase> <!-- CreatePartner_Contacts -->
  <testcase classname="Partner_Contacts_Module.Partner_ContactsTestClass" name="MassUpdatePartnerContactsModule" time="0.0">
    <ignored/>
  </testcase> <!-- MassUpdatePartnerContactsModule -->
  <testcase classname="Partner_Contacts_Module.Partner_ContactsTestClass" name="EmailSetting" time="0.0">
    <ignored/>
  </testcase> <!-- EmailSetting -->
  <testcase classname="Partner_Contacts_Module.Partner_ContactsTestClass" name="DeletePartnerContactsFromListView" time="0.0">
    <ignored/>
  </testcase> <!-- DeletePartnerContactsFromListView -->
  <testcase classname="Partner_Contacts_Module.Partner_ContactsTestClass" name="DeletePartnerContactsFromEditOption" time="0.0">
    <ignored/>
  </testcase> <!-- DeletePartnerContactsFromEditOption -->
  <testcase classname="Partner_Contacts_Module.Partner_ContactsTestClass" name="EditPartnerContacts" time="0.0">
    <ignored/>
  </testcase> <!-- EditPartnerContacts -->
  <testcase classname="Partner_Contacts_Module.Partner_ContactsTestClass" name="MultipleEmailAddress" time="0.0">
    <ignored/>
  </testcase> <!-- MultipleEmailAddress -->
</testsuite> <!-- Test -->
