<?xml version="1.0" encoding="UTF-8"?>
<testng-results ignored="0" total="7" passed="7" failed="0" skipped="0">
  <reporter-output>
  </reporter-output>
  <suite started-at="2024-08-02T17:12:24 IST" name="Default suite" finished-at="2024-08-02T17:29:39 IST" duration-ms="1035342">
    <groups>
      <group name="Sanity">
        <method signature="OpportunitiesTestClass.CreateOpportunities()[pri:0, instance:Opportunities_Module.OpportunitiesTestClass@350aac89]" name="CreateOpportunities" class="Opportunities_Module.OpportunitiesTestClass"/>
        <method signature="OpportunitiesTestClass.DeleteOpportunityFromEditOption()[pri:0, instance:Opportunities_Module.OpportunitiesTestClass@350aac89]" name="DeleteOpportunityFromEditOption" class="Opportunities_Module.OpportunitiesTestClass"/>
        <method signature="OpportunitiesTestClass.DeleteOpportunityFromListView()[pri:0, instance:Opportunities_Module.OpportunitiesTestClass@350aac89]" name="DeleteOpportunityFromListView" class="Opportunities_Module.OpportunitiesTestClass"/>
        <method signature="OpportunitiesTestClass.ExportRecordsForOpportunities()[pri:0, instance:Opportunities_Module.OpportunitiesTestClass@350aac89]" name="ExportRecordsForOpportunities" class="Opportunities_Module.OpportunitiesTestClass"/>
        <method signature="OpportunitiesTestClass.MassUpdateOpportunities()[pri:0, instance:Opportunities_Module.OpportunitiesTestClass@350aac89]" name="MassUpdateOpportunities" class="Opportunities_Module.OpportunitiesTestClass"/>
        <method signature="OpportunitiesTestClass.editOpportunity()[pri:0, instance:Opportunities_Module.OpportunitiesTestClass@350aac89]" name="editOpportunity" class="Opportunities_Module.OpportunitiesTestClass"/>
      </group> <!-- Sanity -->
      <group name="MassUpdate">
        <method signature="OpportunitiesTestClass.MassUpdateOpportunities()[pri:0, instance:Opportunities_Module.OpportunitiesTestClass@350aac89]" name="MassUpdateOpportunities" class="Opportunities_Module.OpportunitiesTestClass"/>
      </group> <!-- MassUpdate -->
      <group name="Create">
        <method signature="OpportunitiesTestClass.CreateOpportunities()[pri:0, instance:Opportunities_Module.OpportunitiesTestClass@350aac89]" name="CreateOpportunities" class="Opportunities_Module.OpportunitiesTestClass"/>
      </group> <!-- Create -->
      <group name="Export">
        <method signature="OpportunitiesTestClass.ExportRecordsForOpportunities()[pri:0, instance:Opportunities_Module.OpportunitiesTestClass@350aac89]" name="ExportRecordsForOpportunities" class="Opportunities_Module.OpportunitiesTestClass"/>
      </group> <!-- Export -->
      <group name="Duplicate">
        <method signature="OpportunitiesTestClass.DuplicateOpportunity()[pri:0, instance:Opportunities_Module.OpportunitiesTestClass@350aac89]" name="DuplicateOpportunity" class="Opportunities_Module.OpportunitiesTestClass"/>
      </group> <!-- Duplicate -->
      <group name="Edit">
        <method signature="OpportunitiesTestClass.editOpportunity()[pri:0, instance:Opportunities_Module.OpportunitiesTestClass@350aac89]" name="editOpportunity" class="Opportunities_Module.OpportunitiesTestClass"/>
      </group> <!-- Edit -->
      <group name="DeleteFromEditView">
        <method signature="OpportunitiesTestClass.DeleteOpportunityFromEditOption()[pri:0, instance:Opportunities_Module.OpportunitiesTestClass@350aac89]" name="DeleteOpportunityFromEditOption" class="Opportunities_Module.OpportunitiesTestClass"/>
      </group> <!-- DeleteFromEditView -->
      <group name="DeleteFromListView">
        <method signature="OpportunitiesTestClass.DeleteOpportunityFromListView()[pri:0, instance:Opportunities_Module.OpportunitiesTestClass@350aac89]" name="DeleteOpportunityFromListView" class="Opportunities_Module.OpportunitiesTestClass"/>
      </group> <!-- DeleteFromListView -->
    </groups>
    <test started-at="2024-08-02T17:12:24 IST" name="Default test" finished-at="2024-08-02T17:29:39 IST" duration-ms="1035342">
      <class name="Opportunities_Module.OpportunitiesTestClass">
        <test-method is-config="true" signature="extentReport()[pri:0, instance:Opportunities_Module.OpportunitiesTestClass@350aac89]" started-at="2024-08-02T17:12:23 IST" name="extentReport" finished-at="2024-08-02T17:12:24 IST" duration-ms="845" status="PASS">
          <reporter-output>
          </reporter-output>
        </test-method> <!-- extentReport -->
        <test-method is-config="true" signature="initializeBrowser(java.lang.String)[pri:0, instance:Opportunities_Module.OpportunitiesTestClass@350aac89]" started-at="2024-08-02T17:12:24 IST" name="initializeBrowser" finished-at="2024-08-02T17:12:37 IST" duration-ms="13267" status="PASS">
          <params>
            <param index="0">
              <value>
                <![CDATA[Chrome]]>
              </value>
            </param>
          </params>
          <reporter-output>
          </reporter-output>
        </test-method> <!-- initializeBrowser -->
        <test-method is-config="true" signature="OpenBrowser()[pri:0, instance:Opportunities_Module.OpportunitiesTestClass@350aac89]" started-at="2024-08-02T17:12:37 IST" name="OpenBrowser" finished-at="2024-08-02T17:12:38 IST" duration-ms="948" status="PASS">
          <reporter-output>
          </reporter-output>
        </test-method> <!-- OpenBrowser -->
        <test-method signature="CreateOpportunities()[pri:0, instance:Opportunities_Module.OpportunitiesTestClass@350aac89]" started-at="2024-08-02T17:12:38 IST" name="CreateOpportunities" finished-at="2024-08-02T17:25:19 IST" duration-ms="760211" status="PASS">
          <reporter-output>
          </reporter-output>
        </test-method> <!-- CreateOpportunities -->
        <test-method is-config="true" signature="getResult(org.testng.ITestResult)[pri:0, instance:Opportunities_Module.OpportunitiesTestClass@350aac89]" started-at="2024-08-02T17:25:19 IST" name="getResult" finished-at="2024-08-02T17:25:21 IST" duration-ms="2415" status="PASS">
          <params>
            <param index="0">
              <value>
                <![CDATA[[TestResult name=CreateOpportunities status=SUCCESS method=OpportunitiesTestClass.CreateOpportunities()[pri:0, instance:Opportunities_Module.OpportunitiesTestClass@350aac89] output={null}]]]>
              </value>
            </param>
          </params>
          <reporter-output>
          </reporter-output>
        </test-method> <!-- getResult -->
        <test-method is-config="true" signature="initializeBrowser(java.lang.String)[pri:0, instance:Opportunities_Module.OpportunitiesTestClass@350aac89]" started-at="2024-08-02T17:25:21 IST" name="initializeBrowser" finished-at="2024-08-02T17:25:33 IST" duration-ms="11942" status="PASS">
          <params>
            <param index="0">
              <value>
                <![CDATA[Chrome]]>
              </value>
            </param>
          </params>
          <reporter-output>
          </reporter-output>
        </test-method> <!-- initializeBrowser -->
        <test-method is-config="true" signature="OpenBrowser()[pri:0, instance:Opportunities_Module.OpportunitiesTestClass@350aac89]" started-at="2024-08-02T17:25:33 IST" name="OpenBrowser" finished-at="2024-08-02T17:25:34 IST" duration-ms="756" status="PASS">
          <reporter-output>
          </reporter-output>
        </test-method> <!-- OpenBrowser -->
        <test-method signature="DuplicateOpportunity()[pri:0, instance:Opportunities_Module.OpportunitiesTestClass@350aac89]" started-at="2024-08-02T17:25:34 IST" name="DuplicateOpportunity" finished-at="2024-08-02T17:25:56 IST" duration-ms="22620" status="PASS">
          <reporter-output>
          </reporter-output>
        </test-method> <!-- DuplicateOpportunity -->
        <test-method is-config="true" signature="getResult(org.testng.ITestResult)[pri:0, instance:Opportunities_Module.OpportunitiesTestClass@350aac89]" started-at="2024-08-02T17:25:56 IST" name="getResult" finished-at="2024-08-02T17:25:57 IST" duration-ms="518" status="PASS">
          <params>
            <param index="0">
              <value>
                <![CDATA[[TestResult name=DuplicateOpportunity status=SUCCESS method=OpportunitiesTestClass.DuplicateOpportunity()[pri:0, instance:Opportunities_Module.OpportunitiesTestClass@350aac89] output={null}]]]>
              </value>
            </param>
          </params>
          <reporter-output>
          </reporter-output>
        </test-method> <!-- getResult -->
        <test-method is-config="true" signature="initializeBrowser(java.lang.String)[pri:0, instance:Opportunities_Module.OpportunitiesTestClass@350aac89]" started-at="2024-08-02T17:25:57 IST" name="initializeBrowser" finished-at="2024-08-02T17:26:06 IST" duration-ms="9407" status="PASS">
          <params>
            <param index="0">
              <value>
                <![CDATA[Chrome]]>
              </value>
            </param>
          </params>
          <reporter-output>
          </reporter-output>
        </test-method> <!-- initializeBrowser -->
        <test-method is-config="true" signature="OpenBrowser()[pri:0, instance:Opportunities_Module.OpportunitiesTestClass@350aac89]" started-at="2024-08-02T17:26:06 IST" name="OpenBrowser" finished-at="2024-08-02T17:26:07 IST" duration-ms="1000" status="PASS">
          <reporter-output>
          </reporter-output>
        </test-method> <!-- OpenBrowser -->
        <test-method signature="ExportRecordsForOpportunities()[pri:0, instance:Opportunities_Module.OpportunitiesTestClass@350aac89]" started-at="2024-08-02T17:26:07 IST" name="ExportRecordsForOpportunities" finished-at="2024-08-02T17:26:44 IST" duration-ms="36635" status="PASS">
          <reporter-output>
          </reporter-output>
        </test-method> <!-- ExportRecordsForOpportunities -->
        <test-method is-config="true" signature="getResult(org.testng.ITestResult)[pri:0, instance:Opportunities_Module.OpportunitiesTestClass@350aac89]" started-at="2024-08-02T17:26:44 IST" name="getResult" finished-at="2024-08-02T17:26:45 IST" duration-ms="1219" status="PASS">
          <params>
            <param index="0">
              <value>
                <![CDATA[[TestResult name=ExportRecordsForOpportunities status=SUCCESS method=OpportunitiesTestClass.ExportRecordsForOpportunities()[pri:0, instance:Opportunities_Module.OpportunitiesTestClass@350aac89] output={null}]]]>
              </value>
            </param>
          </params>
          <reporter-output>
          </reporter-output>
        </test-method> <!-- getResult -->
        <test-method is-config="true" signature="initializeBrowser(java.lang.String)[pri:0, instance:Opportunities_Module.OpportunitiesTestClass@350aac89]" started-at="2024-08-02T17:26:45 IST" name="initializeBrowser" finished-at="2024-08-02T17:26:55 IST" duration-ms="9779" status="PASS">
          <params>
            <param index="0">
              <value>
                <![CDATA[Chrome]]>
              </value>
            </param>
          </params>
          <reporter-output>
          </reporter-output>
        </test-method> <!-- initializeBrowser -->
        <test-method is-config="true" signature="OpenBrowser()[pri:0, instance:Opportunities_Module.OpportunitiesTestClass@350aac89]" started-at="2024-08-02T17:26:55 IST" name="OpenBrowser" finished-at="2024-08-02T17:26:56 IST" duration-ms="860" status="PASS">
          <reporter-output>
          </reporter-output>
        </test-method> <!-- OpenBrowser -->
        <test-method signature="MassUpdateOpportunities()[pri:0, instance:Opportunities_Module.OpportunitiesTestClass@350aac89]" started-at="2024-08-02T17:26:56 IST" name="MassUpdateOpportunities" finished-at="2024-08-02T17:27:27 IST" duration-ms="31357" status="PASS">
          <reporter-output>
          </reporter-output>
        </test-method> <!-- MassUpdateOpportunities -->
        <test-method is-config="true" signature="getResult(org.testng.ITestResult)[pri:0, instance:Opportunities_Module.OpportunitiesTestClass@350aac89]" started-at="2024-08-02T17:27:27 IST" name="getResult" finished-at="2024-08-02T17:27:28 IST" duration-ms="747" status="PASS">
          <params>
            <param index="0">
              <value>
                <![CDATA[[TestResult name=MassUpdateOpportunities status=SUCCESS method=OpportunitiesTestClass.MassUpdateOpportunities()[pri:0, instance:Opportunities_Module.OpportunitiesTestClass@350aac89] output={null}]]]>
              </value>
            </param>
          </params>
          <reporter-output>
          </reporter-output>
        </test-method> <!-- getResult -->
        <test-method is-config="true" signature="initializeBrowser(java.lang.String)[pri:0, instance:Opportunities_Module.OpportunitiesTestClass@350aac89]" started-at="2024-08-02T17:27:28 IST" name="initializeBrowser" finished-at="2024-08-02T17:27:37 IST" duration-ms="8543" status="PASS">
          <params>
            <param index="0">
              <value>
                <![CDATA[Chrome]]>
              </value>
            </param>
          </params>
          <reporter-output>
          </reporter-output>
        </test-method> <!-- initializeBrowser -->
        <test-method is-config="true" signature="OpenBrowser()[pri:0, instance:Opportunities_Module.OpportunitiesTestClass@350aac89]" started-at="2024-08-02T17:27:37 IST" name="OpenBrowser" finished-at="2024-08-02T17:27:37 IST" duration-ms="734" status="PASS">
          <reporter-output>
          </reporter-output>
        </test-method> <!-- OpenBrowser -->
        <test-method signature="editOpportunity()[pri:0, instance:Opportunities_Module.OpportunitiesTestClass@350aac89]" started-at="2024-08-02T17:27:37 IST" name="editOpportunity" finished-at="2024-08-02T17:28:36 IST" duration-ms="58281" status="PASS">
          <reporter-output>
          </reporter-output>
        </test-method> <!-- editOpportunity -->
        <test-method is-config="true" signature="getResult(org.testng.ITestResult)[pri:0, instance:Opportunities_Module.OpportunitiesTestClass@350aac89]" started-at="2024-08-02T17:28:36 IST" name="getResult" finished-at="2024-08-02T17:28:36 IST" duration-ms="671" status="PASS">
          <params>
            <param index="0">
              <value>
                <![CDATA[[TestResult name=editOpportunity status=SUCCESS method=OpportunitiesTestClass.editOpportunity()[pri:0, instance:Opportunities_Module.OpportunitiesTestClass@350aac89] output={null}]]]>
              </value>
            </param>
          </params>
          <reporter-output>
          </reporter-output>
        </test-method> <!-- getResult -->
        <test-method is-config="true" signature="initializeBrowser(java.lang.String)[pri:0, instance:Opportunities_Module.OpportunitiesTestClass@350aac89]" started-at="2024-08-02T17:28:36 IST" name="initializeBrowser" finished-at="2024-08-02T17:28:46 IST" duration-ms="9633" status="PASS">
          <params>
            <param index="0">
              <value>
                <![CDATA[Chrome]]>
              </value>
            </param>
          </params>
          <reporter-output>
          </reporter-output>
        </test-method> <!-- initializeBrowser -->
        <test-method is-config="true" signature="OpenBrowser()[pri:0, instance:Opportunities_Module.OpportunitiesTestClass@350aac89]" started-at="2024-08-02T17:28:46 IST" name="OpenBrowser" finished-at="2024-08-02T17:28:47 IST" duration-ms="726" status="PASS">
          <reporter-output>
          </reporter-output>
        </test-method> <!-- OpenBrowser -->
        <test-method signature="DeleteOpportunityFromEditOption()[pri:0, instance:Opportunities_Module.OpportunitiesTestClass@350aac89]" started-at="2024-08-02T17:28:47 IST" name="DeleteOpportunityFromEditOption" finished-at="2024-08-02T17:29:08 IST" depends-on-methods="Opportunities_Module.OpportunitiesTestClass.CreateOpportunities" duration-ms="21500" status="PASS">
          <reporter-output>
          </reporter-output>
        </test-method> <!-- DeleteOpportunityFromEditOption -->
        <test-method is-config="true" signature="getResult(org.testng.ITestResult)[pri:0, instance:Opportunities_Module.OpportunitiesTestClass@350aac89]" started-at="2024-08-02T17:29:08 IST" name="getResult" finished-at="2024-08-02T17:29:09 IST" duration-ms="483" status="PASS">
          <params>
            <param index="0">
              <value>
                <![CDATA[[TestResult name=DeleteOpportunityFromEditOption status=SUCCESS method=OpportunitiesTestClass.DeleteOpportunityFromEditOption()[pri:0, instance:Opportunities_Module.OpportunitiesTestClass@350aac89] output={null}]]]>
              </value>
            </param>
          </params>
          <reporter-output>
          </reporter-output>
        </test-method> <!-- getResult -->
        <test-method is-config="true" signature="initializeBrowser(java.lang.String)[pri:0, instance:Opportunities_Module.OpportunitiesTestClass@350aac89]" started-at="2024-08-02T17:29:09 IST" name="initializeBrowser" finished-at="2024-08-02T17:29:18 IST" duration-ms="9543" status="PASS">
          <params>
            <param index="0">
              <value>
                <![CDATA[Chrome]]>
              </value>
            </param>
          </params>
          <reporter-output>
          </reporter-output>
        </test-method> <!-- initializeBrowser -->
        <test-method is-config="true" signature="OpenBrowser()[pri:0, instance:Opportunities_Module.OpportunitiesTestClass@350aac89]" started-at="2024-08-02T17:29:18 IST" name="OpenBrowser" finished-at="2024-08-02T17:29:19 IST" duration-ms="936" status="PASS">
          <reporter-output>
          </reporter-output>
        </test-method> <!-- OpenBrowser -->
        <test-method signature="DeleteOpportunityFromListView()[pri:0, instance:Opportunities_Module.OpportunitiesTestClass@350aac89]" started-at="2024-08-02T17:29:19 IST" name="DeleteOpportunityFromListView" finished-at="2024-08-02T17:29:39 IST" depends-on-methods="Opportunities_Module.OpportunitiesTestClass.CreateOpportunities" duration-ms="19894" status="PASS">
          <reporter-output>
          </reporter-output>
        </test-method> <!-- DeleteOpportunityFromListView -->
        <test-method is-config="true" signature="getResult(org.testng.ITestResult)[pri:0, instance:Opportunities_Module.OpportunitiesTestClass@350aac89]" started-at="2024-08-02T17:29:39 IST" name="getResult" finished-at="2024-08-02T17:29:39 IST" duration-ms="453" status="PASS">
          <params>
            <param index="0">
              <value>
                <![CDATA[[TestResult name=DeleteOpportunityFromListView status=SUCCESS method=OpportunitiesTestClass.DeleteOpportunityFromListView()[pri:0, instance:Opportunities_Module.OpportunitiesTestClass@350aac89] output={null}]]]>
              </value>
            </param>
          </params>
          <reporter-output>
          </reporter-output>
        </test-method> <!-- getResult -->
      </class> <!-- Opportunities_Module.OpportunitiesTestClass -->
    </test> <!-- Default test -->
  </suite> <!-- Default suite -->
</testng-results>
